[2022-03-02T18:49:11.159] [INFO] fileLog - logCenter start success...
[2022-03-02T18:55:04.457] [INFO] fileLog - logCenter start success...
[2022-03-02T18:55:12.339] [INFO] fileLog - receive: hello logCenter ...
[2022-03-02T18:56:12.947] [INFO] fileLog - receive message fail:no no no
[2022-03-02T18:56:12.949] [INFO] fileLog - logCenter start success...
[2022-03-02T18:56:34.863] [INFO] fileLog - receive: hello logCenter ...
[2022-03-02T19:06:59.360] [INFO] fileLog - {}
[2022-03-02T19:06:59.362] [INFO] fileLog - logCenter start success...
[2022-03-02T19:07:29.100] [INFO] fileLog - {}
[2022-03-02T19:07:29.102] [INFO] fileLog - logCenter start success...
[2022-03-02T19:07:45.256] [INFO] fileLog - {}
[2022-03-02T19:07:45.258] [INFO] fileLog - logCenter start success...
[2022-03-02T19:10:02.249] [INFO] fileLog - Error: no no no
    at MessageBroker.receive (/root/node_project/logCenter/lib/messageBroker.js:57:13)
    at processTicksAndRejections (internal/process/task_queues.js:93:5)
    at async start (/root/node_project/logCenter/index.js:18:9)
[2022-03-02T19:10:02.251] [INFO] fileLog - logCenter start success...
[2022-03-02T19:33:10.918] [INFO] fileLog - logCenter start success...
[2022-03-02T19:39:26.015] [INFO] fileLog - logCenter start success...
[2022-03-02T19:39:38.955] [INFO] fileLog - {
  ip: '192.168.43.1',
  method: 'GET',
  url: '/search?keyword=recommend&cateId=0&pageNum=1&pageSize=10',
  reqParam: '{"keyword":"recommend","cateId":"0","pageNum":"1","pageSize":"10"}',
  res: '{"code":0,"message":"搜索图书列表成功","data":{"bookList":[{"bookId":"24746415","name":"推荐系统","author":"[奥地利] Dietmar Jannach","imageSrc":"https://img2.doubanio.com/view/subject/s/public/s26707013.jpg","publishDate":"2013"},{"bookId":"3695850","name":"Recommender Systems Handbook","author":"Paul B. Kantor","imageSrc":"https://img2.doubanio.com/view/subject/s/public/s29694243.jpg","publishDate":"2010"},{"bookId":"26437066","name":"推荐系统","author":"[美]Francesco Ricci","imageSrc":"https://img1.doubanio.com/view/subject/s/public/s28744278.jpg","publishDate":"2015"},{"bookId":"5410320","name":"Recommender Systems","author":"Dietmar Jannach","imageSrc":"https://img1.doubanio.com/view/subject/s/public/s29054979.jpg","publishDate":"2010"},{"bookId":"30284433","name":"推荐系统","author":"弗朗西斯科·里奇（Francesco Ricci）","imageSrc":"https://img1.doubanio.com/view/subject/s/public/s29829527.jpg","publishDate":"2018"},{"bookId":"30286297","name":"推荐系统：原理与实践","author":"Charu C. Aggarwal","imageSrc":"https://img9.doubanio.com/view/subject/s/public/s33921195.jpg","publishDate":"2018"}],"total":6},"requestId":"8ae7e08a45a144cc9b8da4bc31177186"}'
}
